2024-11-20 21:03:27,829 - __main__ - INFO - Person created.
2024-11-20 21:03:27,831 - __main__ - INFO - Age (24) extracted from Input/charlie/age.csv
2024-11-20 21:03:27,834 - __main__ - INFO - HRV data loaded from Input/charlie/hrv/hrv01.csv
2024-11-20 21:03:27,835 - __main__ - INFO - HRV data loaded from Input/charlie/hrv/hrv02.csv
2024-11-20 21:03:27,837 - __main__ - INFO - HRV data loaded from Input/charlie/hrv/hrv03.csv
2024-11-20 21:03:27,837 - __main__ - INFO - HRV data loaded from Input/charlie/hrv/hrv04.csv
2024-11-20 21:03:27,838 - __main__ - INFO - HRV data loaded from Input/charlie/hrv/hrv05.csv
2024-11-20 21:03:27,839 - __main__ - INFO - HRV data loaded from Input/charlie/hrv/hrv06.csv
2024-11-20 21:03:27,840 - __main__ - INFO - HRV data loaded from Input/charlie/hrv/hrv07.csv
2024-11-20 21:03:27,841 - __main__ - INFO - HRV data loaded from Input/charlie/hrv/hrv08.csv
2024-11-20 21:03:27,842 - __main__ - INFO - HRV data loaded from Input/charlie/hrv/hrv09.csv
2024-11-20 21:03:27,843 - __main__ - INFO - HRV data loaded from Input/charlie/hrv/hrv10.csv
2024-11-20 21:03:27,844 - __main__ - INFO - HRV data loaded from Input/charlie/hrv/hrv11.csv
2024-11-20 21:03:27,845 - __main__ - INFO - HRV data loaded from Input/charlie/hrv/hrv12.csv
2024-11-20 21:03:27,846 - __main__ - INFO - HRV data loaded from Input/charlie/hrv/hrv13.csv
2024-11-20 21:03:27,847 - __main__ - INFO - HRV data loaded from Input/charlie/hrv/hrv14.csv
2024-11-20 21:03:27,848 - __main__ - INFO - HRV data loaded from Input/charlie/hrv/hrv15.csv
2024-11-20 21:03:27,849 - __main__ - INFO - HRV data loaded from Input/charlie/hrv/hrv16.csv
2024-11-20 21:03:27,850 - __main__ - INFO - HRV data loaded from Input/charlie/hrv/hrv17.csv
2024-11-20 21:03:27,851 - __main__ - INFO - HRV data loaded from Input/charlie/hrv/hrv18.csv
2024-11-20 21:03:27,852 - __main__ - INFO - HRV data loaded from Input/charlie/hrv/hrv19.csv
2024-11-20 21:03:27,853 - __main__ - INFO - HRV data loaded from Input/charlie/hrv/hrv20.csv
2024-11-20 21:03:27,854 - __main__ - INFO - HRV data loaded from Input/charlie/hrv/hrv21.csv
2024-11-20 21:03:27,855 - __main__ - INFO - HRV data loaded from Input/charlie/hrv/hrv22.csv
2024-11-20 21:03:27,856 - __main__ - INFO - HRV data loaded from Input/charlie/hrv/hrv23.csv
2024-11-20 21:03:27,857 - __main__ - INFO - HRV data loaded from Input/charlie/hrv/hrv24.csv
2024-11-20 21:03:27,858 - __main__ - INFO - HRV data loaded from Input/charlie/hrv/hrv25.csv
2024-11-20 21:03:27,859 - __main__ - INFO - HRV data loaded from Input/charlie/hrv/hrv26.csv
2024-11-20 21:03:27,860 - __main__ - INFO - HRV data loaded from Input/charlie/hrv/hrv27.csv
2024-11-20 21:03:27,860 - __main__ - INFO - HRV data loaded from Input/charlie/hrv/hrv28.csv
2024-11-20 21:03:27,861 - __main__ - INFO - HRV data loaded from Input/charlie/hrv/hrv29.csv
2024-11-20 21:03:27,862 - __main__ - INFO - HRV data loaded from Input/charlie/hrv/hrv30.csv
2024-11-20 21:03:27,863 - __main__ - INFO - Step data is loaded.
2024-11-20 21:04:50,348 - __main__ - INFO - Person created.
2024-11-20 21:04:50,348 - __main__ - INFO - Age (24) extracted from Input/charlie/age.csv
2024-11-20 21:04:50,351 - __main__ - INFO - HRV data loaded from Input/charlie/hrv/hrv01.csv
2024-11-20 21:04:50,353 - __main__ - INFO - HRV data loaded from Input/charlie/hrv/hrv02.csv
2024-11-20 21:04:50,354 - __main__ - INFO - HRV data loaded from Input/charlie/hrv/hrv03.csv
2024-11-20 21:04:50,355 - __main__ - INFO - HRV data loaded from Input/charlie/hrv/hrv04.csv
2024-11-20 21:04:50,356 - __main__ - INFO - HRV data loaded from Input/charlie/hrv/hrv05.csv
2024-11-20 21:04:50,357 - __main__ - INFO - HRV data loaded from Input/charlie/hrv/hrv06.csv
2024-11-20 21:04:50,358 - __main__ - INFO - HRV data loaded from Input/charlie/hrv/hrv07.csv
2024-11-20 21:04:50,359 - __main__ - INFO - HRV data loaded from Input/charlie/hrv/hrv08.csv
2024-11-20 21:04:50,359 - __main__ - INFO - HRV data loaded from Input/charlie/hrv/hrv09.csv
2024-11-20 21:04:50,360 - __main__ - INFO - HRV data loaded from Input/charlie/hrv/hrv10.csv
2024-11-20 21:04:50,361 - __main__ - INFO - HRV data loaded from Input/charlie/hrv/hrv11.csv
2024-11-20 21:04:50,362 - __main__ - INFO - HRV data loaded from Input/charlie/hrv/hrv12.csv
2024-11-20 21:04:50,363 - __main__ - INFO - HRV data loaded from Input/charlie/hrv/hrv13.csv
2024-11-20 21:04:50,364 - __main__ - INFO - HRV data loaded from Input/charlie/hrv/hrv14.csv
2024-11-20 21:04:50,365 - __main__ - INFO - HRV data loaded from Input/charlie/hrv/hrv15.csv
2024-11-20 21:04:50,366 - __main__ - INFO - HRV data loaded from Input/charlie/hrv/hrv16.csv
2024-11-20 21:04:50,367 - __main__ - INFO - HRV data loaded from Input/charlie/hrv/hrv17.csv
2024-11-20 21:04:50,368 - __main__ - INFO - HRV data loaded from Input/charlie/hrv/hrv18.csv
2024-11-20 21:04:50,369 - __main__ - INFO - HRV data loaded from Input/charlie/hrv/hrv19.csv
2024-11-20 21:04:50,370 - __main__ - INFO - HRV data loaded from Input/charlie/hrv/hrv20.csv
2024-11-20 21:04:50,371 - __main__ - INFO - HRV data loaded from Input/charlie/hrv/hrv21.csv
2024-11-20 21:04:50,372 - __main__ - INFO - HRV data loaded from Input/charlie/hrv/hrv22.csv
2024-11-20 21:04:50,373 - __main__ - INFO - HRV data loaded from Input/charlie/hrv/hrv23.csv
2024-11-20 21:04:50,374 - __main__ - INFO - HRV data loaded from Input/charlie/hrv/hrv24.csv
2024-11-20 21:04:50,375 - __main__ - INFO - HRV data loaded from Input/charlie/hrv/hrv25.csv
2024-11-20 21:04:50,376 - __main__ - INFO - HRV data loaded from Input/charlie/hrv/hrv26.csv
2024-11-20 21:04:50,377 - __main__ - INFO - HRV data loaded from Input/charlie/hrv/hrv27.csv
2024-11-20 21:04:50,378 - __main__ - INFO - HRV data loaded from Input/charlie/hrv/hrv28.csv
2024-11-20 21:04:50,379 - __main__ - INFO - HRV data loaded from Input/charlie/hrv/hrv29.csv
2024-11-20 21:04:50,380 - __main__ - INFO - HRV data loaded from Input/charlie/hrv/hrv30.csv
2024-11-20 21:04:50,381 - __main__ - INFO - Step data is loaded.
2024-11-20 21:06:03,535 - __main__ - INFO - Person created.
2024-11-20 21:06:03,535 - __main__ - INFO - Age (24) extracted from Input/charlie/age.csv
2024-11-20 21:06:03,538 - __main__ - INFO - HRV data loaded from Input/charlie/hrv/hrv01.csv
2024-11-20 21:06:03,539 - __main__ - INFO - HRV data loaded from Input/charlie/hrv/hrv02.csv
2024-11-20 21:06:03,540 - __main__ - INFO - HRV data loaded from Input/charlie/hrv/hrv03.csv
2024-11-20 21:06:03,541 - __main__ - INFO - HRV data loaded from Input/charlie/hrv/hrv04.csv
2024-11-20 21:06:03,542 - __main__ - INFO - HRV data loaded from Input/charlie/hrv/hrv05.csv
2024-11-20 21:06:03,543 - __main__ - INFO - HRV data loaded from Input/charlie/hrv/hrv06.csv
2024-11-20 21:06:03,544 - __main__ - INFO - HRV data loaded from Input/charlie/hrv/hrv07.csv
2024-11-20 21:06:03,545 - __main__ - INFO - HRV data loaded from Input/charlie/hrv/hrv08.csv
2024-11-20 21:06:03,546 - __main__ - INFO - HRV data loaded from Input/charlie/hrv/hrv09.csv
2024-11-20 21:06:03,547 - __main__ - INFO - HRV data loaded from Input/charlie/hrv/hrv10.csv
2024-11-20 21:06:03,548 - __main__ - INFO - HRV data loaded from Input/charlie/hrv/hrv11.csv
2024-11-20 21:06:03,549 - __main__ - INFO - HRV data loaded from Input/charlie/hrv/hrv12.csv
2024-11-20 21:06:03,550 - __main__ - INFO - HRV data loaded from Input/charlie/hrv/hrv13.csv
2024-11-20 21:06:03,551 - __main__ - INFO - HRV data loaded from Input/charlie/hrv/hrv14.csv
2024-11-20 21:06:03,552 - __main__ - INFO - HRV data loaded from Input/charlie/hrv/hrv15.csv
2024-11-20 21:06:03,553 - __main__ - INFO - HRV data loaded from Input/charlie/hrv/hrv16.csv
2024-11-20 21:06:03,554 - __main__ - INFO - HRV data loaded from Input/charlie/hrv/hrv17.csv
2024-11-20 21:06:03,555 - __main__ - INFO - HRV data loaded from Input/charlie/hrv/hrv18.csv
2024-11-20 21:06:03,556 - __main__ - INFO - HRV data loaded from Input/charlie/hrv/hrv19.csv
2024-11-20 21:06:03,557 - __main__ - INFO - HRV data loaded from Input/charlie/hrv/hrv20.csv
2024-11-20 21:06:03,558 - __main__ - INFO - HRV data loaded from Input/charlie/hrv/hrv21.csv
2024-11-20 21:06:03,558 - __main__ - INFO - HRV data loaded from Input/charlie/hrv/hrv22.csv
2024-11-20 21:06:03,559 - __main__ - INFO - HRV data loaded from Input/charlie/hrv/hrv23.csv
2024-11-20 21:06:03,560 - __main__ - INFO - HRV data loaded from Input/charlie/hrv/hrv24.csv
2024-11-20 21:06:03,561 - __main__ - INFO - HRV data loaded from Input/charlie/hrv/hrv25.csv
2024-11-20 21:06:03,562 - __main__ - INFO - HRV data loaded from Input/charlie/hrv/hrv26.csv
2024-11-20 21:06:03,563 - __main__ - INFO - HRV data loaded from Input/charlie/hrv/hrv27.csv
2024-11-20 21:06:03,564 - __main__ - INFO - HRV data loaded from Input/charlie/hrv/hrv28.csv
2024-11-20 21:06:03,565 - __main__ - INFO - HRV data loaded from Input/charlie/hrv/hrv29.csv
2024-11-20 21:06:03,566 - __main__ - INFO - HRV data loaded from Input/charlie/hrv/hrv30.csv
2024-11-20 21:06:03,567 - __main__ - INFO - Step data is loaded.
2024-11-20 21:09:52,358 - __main__ - INFO - Person created.
2024-11-20 21:09:52,358 - __main__ - INFO - Age (24) extracted from Input/charlie/age.csv
2024-11-20 21:09:52,362 - __main__ - INFO - HRV data loaded from Input/charlie/hrv/hrv01.csv
2024-11-20 21:09:52,363 - __main__ - INFO - HRV data loaded from Input/charlie/hrv/hrv02.csv
2024-11-20 21:09:52,364 - __main__ - INFO - HRV data loaded from Input/charlie/hrv/hrv03.csv
2024-11-20 21:09:52,365 - __main__ - INFO - HRV data loaded from Input/charlie/hrv/hrv04.csv
2024-11-20 21:09:52,366 - __main__ - INFO - HRV data loaded from Input/charlie/hrv/hrv05.csv
2024-11-20 21:09:52,367 - __main__ - INFO - HRV data loaded from Input/charlie/hrv/hrv06.csv
2024-11-20 21:09:52,368 - __main__ - INFO - HRV data loaded from Input/charlie/hrv/hrv07.csv
2024-11-20 21:09:52,369 - __main__ - INFO - HRV data loaded from Input/charlie/hrv/hrv08.csv
2024-11-20 21:09:52,370 - __main__ - INFO - HRV data loaded from Input/charlie/hrv/hrv09.csv
2024-11-20 21:09:52,371 - __main__ - INFO - HRV data loaded from Input/charlie/hrv/hrv10.csv
2024-11-20 21:09:52,372 - __main__ - INFO - HRV data loaded from Input/charlie/hrv/hrv11.csv
2024-11-20 21:09:52,373 - __main__ - INFO - HRV data loaded from Input/charlie/hrv/hrv12.csv
2024-11-20 21:09:52,374 - __main__ - INFO - HRV data loaded from Input/charlie/hrv/hrv13.csv
2024-11-20 21:09:52,375 - __main__ - INFO - HRV data loaded from Input/charlie/hrv/hrv14.csv
2024-11-20 21:09:52,376 - __main__ - INFO - HRV data loaded from Input/charlie/hrv/hrv15.csv
2024-11-20 21:09:52,377 - __main__ - INFO - HRV data loaded from Input/charlie/hrv/hrv16.csv
2024-11-20 21:09:52,377 - __main__ - INFO - HRV data loaded from Input/charlie/hrv/hrv17.csv
2024-11-20 21:09:52,379 - __main__ - INFO - HRV data loaded from Input/charlie/hrv/hrv18.csv
2024-11-20 21:09:52,379 - __main__ - INFO - HRV data loaded from Input/charlie/hrv/hrv19.csv
2024-11-20 21:09:52,380 - __main__ - INFO - HRV data loaded from Input/charlie/hrv/hrv20.csv
2024-11-20 21:09:52,381 - __main__ - INFO - HRV data loaded from Input/charlie/hrv/hrv21.csv
2024-11-20 21:09:52,382 - __main__ - INFO - HRV data loaded from Input/charlie/hrv/hrv22.csv
2024-11-20 21:09:52,383 - __main__ - INFO - HRV data loaded from Input/charlie/hrv/hrv23.csv
2024-11-20 21:09:52,384 - __main__ - INFO - HRV data loaded from Input/charlie/hrv/hrv24.csv
2024-11-20 21:09:52,385 - __main__ - INFO - HRV data loaded from Input/charlie/hrv/hrv25.csv
2024-11-20 21:09:52,386 - __main__ - INFO - HRV data loaded from Input/charlie/hrv/hrv26.csv
2024-11-20 21:09:52,387 - __main__ - INFO - HRV data loaded from Input/charlie/hrv/hrv27.csv
2024-11-20 21:09:52,388 - __main__ - INFO - HRV data loaded from Input/charlie/hrv/hrv28.csv
2024-11-20 21:09:52,389 - __main__ - INFO - HRV data loaded from Input/charlie/hrv/hrv29.csv
2024-11-20 21:09:52,390 - __main__ - INFO - HRV data loaded from Input/charlie/hrv/hrv30.csv
2024-11-20 21:09:52,390 - __main__ - INFO - Step data is loaded.
2024-11-20 21:10:18,974 - __main__ - INFO - Person created.
2024-11-20 21:10:18,974 - __main__ - INFO - Age (24) extracted from Input/charlie/age.csv
2024-11-20 21:10:18,977 - __main__ - INFO - HRV data loaded from Input/charlie/hrv/hrv01.csv
2024-11-20 21:10:18,978 - __main__ - INFO - HRV data loaded from Input/charlie/hrv/hrv02.csv
2024-11-20 21:10:18,979 - __main__ - INFO - HRV data loaded from Input/charlie/hrv/hrv03.csv
2024-11-20 21:10:18,980 - __main__ - INFO - HRV data loaded from Input/charlie/hrv/hrv04.csv
2024-11-20 21:10:18,981 - __main__ - INFO - HRV data loaded from Input/charlie/hrv/hrv05.csv
2024-11-20 21:10:18,982 - __main__ - INFO - HRV data loaded from Input/charlie/hrv/hrv06.csv
2024-11-20 21:10:18,983 - __main__ - INFO - HRV data loaded from Input/charlie/hrv/hrv07.csv
2024-11-20 21:10:18,984 - __main__ - INFO - HRV data loaded from Input/charlie/hrv/hrv08.csv
2024-11-20 21:10:18,985 - __main__ - INFO - HRV data loaded from Input/charlie/hrv/hrv09.csv
2024-11-20 21:10:18,986 - __main__ - INFO - HRV data loaded from Input/charlie/hrv/hrv10.csv
2024-11-20 21:10:18,987 - __main__ - INFO - HRV data loaded from Input/charlie/hrv/hrv11.csv
2024-11-20 21:10:18,988 - __main__ - INFO - HRV data loaded from Input/charlie/hrv/hrv12.csv
2024-11-20 21:10:18,989 - __main__ - INFO - HRV data loaded from Input/charlie/hrv/hrv13.csv
2024-11-20 21:10:18,990 - __main__ - INFO - HRV data loaded from Input/charlie/hrv/hrv14.csv
2024-11-20 21:10:18,991 - __main__ - INFO - HRV data loaded from Input/charlie/hrv/hrv15.csv
2024-11-20 21:10:18,992 - __main__ - INFO - HRV data loaded from Input/charlie/hrv/hrv16.csv
2024-11-20 21:10:18,993 - __main__ - INFO - HRV data loaded from Input/charlie/hrv/hrv17.csv
2024-11-20 21:10:18,994 - __main__ - INFO - HRV data loaded from Input/charlie/hrv/hrv18.csv
2024-11-20 21:10:18,995 - __main__ - INFO - HRV data loaded from Input/charlie/hrv/hrv19.csv
2024-11-20 21:10:18,996 - __main__ - INFO - HRV data loaded from Input/charlie/hrv/hrv20.csv
2024-11-20 21:10:18,997 - __main__ - INFO - HRV data loaded from Input/charlie/hrv/hrv21.csv
2024-11-20 21:10:18,998 - __main__ - INFO - HRV data loaded from Input/charlie/hrv/hrv22.csv
2024-11-20 21:10:18,998 - __main__ - INFO - HRV data loaded from Input/charlie/hrv/hrv23.csv
2024-11-20 21:10:19,000 - __main__ - INFO - HRV data loaded from Input/charlie/hrv/hrv24.csv
2024-11-20 21:10:19,000 - __main__ - INFO - HRV data loaded from Input/charlie/hrv/hrv25.csv
2024-11-20 21:10:19,001 - __main__ - INFO - HRV data loaded from Input/charlie/hrv/hrv26.csv
2024-11-20 21:10:19,002 - __main__ - INFO - HRV data loaded from Input/charlie/hrv/hrv27.csv
2024-11-20 21:10:19,003 - __main__ - INFO - HRV data loaded from Input/charlie/hrv/hrv28.csv
2024-11-20 21:10:19,004 - __main__ - INFO - HRV data loaded from Input/charlie/hrv/hrv29.csv
2024-11-20 21:10:19,005 - __main__ - INFO - HRV data loaded from Input/charlie/hrv/hrv30.csv
2024-11-20 21:10:19,006 - __main__ - INFO - Step data is loaded.
2024-11-20 21:11:07,462 - __main__ - INFO - Person created.
2024-11-20 21:11:07,462 - __main__ - INFO - Age (24) extracted from Input/charlie/age.csv
2024-11-20 21:11:07,466 - __main__ - INFO - HRV data loaded from Input/charlie/hrv/hrv01.csv
2024-11-20 21:11:07,467 - __main__ - INFO - HRV data loaded from Input/charlie/hrv/hrv02.csv
2024-11-20 21:11:07,468 - __main__ - INFO - HRV data loaded from Input/charlie/hrv/hrv03.csv
2024-11-20 21:11:07,469 - __main__ - INFO - HRV data loaded from Input/charlie/hrv/hrv04.csv
2024-11-20 21:11:07,470 - __main__ - INFO - HRV data loaded from Input/charlie/hrv/hrv05.csv
2024-11-20 21:11:07,471 - __main__ - INFO - HRV data loaded from Input/charlie/hrv/hrv06.csv
2024-11-20 21:11:07,472 - __main__ - INFO - HRV data loaded from Input/charlie/hrv/hrv07.csv
2024-11-20 21:11:07,473 - __main__ - INFO - HRV data loaded from Input/charlie/hrv/hrv08.csv
2024-11-20 21:11:07,474 - __main__ - INFO - HRV data loaded from Input/charlie/hrv/hrv09.csv
2024-11-20 21:11:07,475 - __main__ - INFO - HRV data loaded from Input/charlie/hrv/hrv10.csv
2024-11-20 21:11:07,476 - __main__ - INFO - HRV data loaded from Input/charlie/hrv/hrv11.csv
2024-11-20 21:11:07,477 - __main__ - INFO - HRV data loaded from Input/charlie/hrv/hrv12.csv
2024-11-20 21:11:07,478 - __main__ - INFO - HRV data loaded from Input/charlie/hrv/hrv13.csv
2024-11-20 21:11:07,479 - __main__ - INFO - HRV data loaded from Input/charlie/hrv/hrv14.csv
2024-11-20 21:11:07,480 - __main__ - INFO - HRV data loaded from Input/charlie/hrv/hrv15.csv
2024-11-20 21:11:07,481 - __main__ - INFO - HRV data loaded from Input/charlie/hrv/hrv16.csv
2024-11-20 21:11:07,482 - __main__ - INFO - HRV data loaded from Input/charlie/hrv/hrv17.csv
2024-11-20 21:11:07,483 - __main__ - INFO - HRV data loaded from Input/charlie/hrv/hrv18.csv
2024-11-20 21:11:07,484 - __main__ - INFO - HRV data loaded from Input/charlie/hrv/hrv19.csv
2024-11-20 21:11:07,485 - __main__ - INFO - HRV data loaded from Input/charlie/hrv/hrv20.csv
2024-11-20 21:11:07,486 - __main__ - INFO - HRV data loaded from Input/charlie/hrv/hrv21.csv
2024-11-20 21:11:07,487 - __main__ - INFO - HRV data loaded from Input/charlie/hrv/hrv22.csv
2024-11-20 21:11:07,488 - __main__ - INFO - HRV data loaded from Input/charlie/hrv/hrv23.csv
2024-11-20 21:11:07,489 - __main__ - INFO - HRV data loaded from Input/charlie/hrv/hrv24.csv
2024-11-20 21:11:07,490 - __main__ - INFO - HRV data loaded from Input/charlie/hrv/hrv25.csv
2024-11-20 21:11:07,490 - __main__ - INFO - HRV data loaded from Input/charlie/hrv/hrv26.csv
2024-11-20 21:11:07,492 - __main__ - INFO - HRV data loaded from Input/charlie/hrv/hrv27.csv
2024-11-20 21:11:07,492 - __main__ - INFO - HRV data loaded from Input/charlie/hrv/hrv28.csv
2024-11-20 21:11:07,493 - __main__ - INFO - HRV data loaded from Input/charlie/hrv/hrv29.csv
2024-11-20 21:11:07,494 - __main__ - INFO - HRV data loaded from Input/charlie/hrv/hrv30.csv
2024-11-20 21:11:07,495 - __main__ - INFO - Step data is loaded.
2024-11-20 21:11:15,785 - __main__ - INFO - Person created.
2024-11-20 21:11:15,785 - __main__ - INFO - Age (24) extracted from Input/charlie/age.csv
2024-11-20 21:11:15,788 - __main__ - INFO - HRV data loaded from Input/charlie/hrv/hrv01.csv
2024-11-20 21:11:15,789 - __main__ - INFO - HRV data loaded from Input/charlie/hrv/hrv02.csv
2024-11-20 21:11:15,790 - __main__ - INFO - HRV data loaded from Input/charlie/hrv/hrv03.csv
2024-11-20 21:11:15,791 - __main__ - INFO - HRV data loaded from Input/charlie/hrv/hrv04.csv
2024-11-20 21:11:15,792 - __main__ - INFO - HRV data loaded from Input/charlie/hrv/hrv05.csv
2024-11-20 21:11:15,793 - __main__ - INFO - HRV data loaded from Input/charlie/hrv/hrv06.csv
2024-11-20 21:11:15,794 - __main__ - INFO - HRV data loaded from Input/charlie/hrv/hrv07.csv
2024-11-20 21:11:15,795 - __main__ - INFO - HRV data loaded from Input/charlie/hrv/hrv08.csv
2024-11-20 21:11:15,796 - __main__ - INFO - HRV data loaded from Input/charlie/hrv/hrv09.csv
2024-11-20 21:11:15,797 - __main__ - INFO - HRV data loaded from Input/charlie/hrv/hrv10.csv
2024-11-20 21:11:15,798 - __main__ - INFO - HRV data loaded from Input/charlie/hrv/hrv11.csv
2024-11-20 21:11:15,799 - __main__ - INFO - HRV data loaded from Input/charlie/hrv/hrv12.csv
2024-11-20 21:11:15,800 - __main__ - INFO - HRV data loaded from Input/charlie/hrv/hrv13.csv
2024-11-20 21:11:15,801 - __main__ - INFO - HRV data loaded from Input/charlie/hrv/hrv14.csv
2024-11-20 21:11:15,802 - __main__ - INFO - HRV data loaded from Input/charlie/hrv/hrv15.csv
2024-11-20 21:11:15,803 - __main__ - INFO - HRV data loaded from Input/charlie/hrv/hrv16.csv
2024-11-20 21:11:15,804 - __main__ - INFO - HRV data loaded from Input/charlie/hrv/hrv17.csv
2024-11-20 21:11:15,805 - __main__ - INFO - HRV data loaded from Input/charlie/hrv/hrv18.csv
2024-11-20 21:11:15,806 - __main__ - INFO - HRV data loaded from Input/charlie/hrv/hrv19.csv
2024-11-20 21:11:15,807 - __main__ - INFO - HRV data loaded from Input/charlie/hrv/hrv20.csv
2024-11-20 21:11:15,808 - __main__ - INFO - HRV data loaded from Input/charlie/hrv/hrv21.csv
2024-11-20 21:11:15,809 - __main__ - INFO - HRV data loaded from Input/charlie/hrv/hrv22.csv
2024-11-20 21:11:15,810 - __main__ - INFO - HRV data loaded from Input/charlie/hrv/hrv23.csv
2024-11-20 21:11:15,811 - __main__ - INFO - HRV data loaded from Input/charlie/hrv/hrv24.csv
2024-11-20 21:11:15,812 - __main__ - INFO - HRV data loaded from Input/charlie/hrv/hrv25.csv
2024-11-20 21:11:15,813 - __main__ - INFO - HRV data loaded from Input/charlie/hrv/hrv26.csv
2024-11-20 21:11:15,814 - __main__ - INFO - HRV data loaded from Input/charlie/hrv/hrv27.csv
2024-11-20 21:11:15,815 - __main__ - INFO - HRV data loaded from Input/charlie/hrv/hrv28.csv
2024-11-20 21:11:15,816 - __main__ - INFO - HRV data loaded from Input/charlie/hrv/hrv29.csv
2024-11-20 21:11:15,817 - __main__ - INFO - HRV data loaded from Input/charlie/hrv/hrv30.csv
2024-11-20 21:11:15,817 - __main__ - INFO - Step data is loaded.
2024-11-20 21:12:00,476 - __main__ - INFO - Person created.
2024-11-20 21:12:00,476 - __main__ - INFO - Age (24) extracted from Input/charlie/age.csv
2024-11-20 21:12:00,481 - __main__ - INFO - HRV data loaded from Input/charlie/hrv/hrv01.csv
2024-11-20 21:12:00,482 - __main__ - INFO - HRV data loaded from Input/charlie/hrv/hrv02.csv
2024-11-20 21:12:00,483 - __main__ - INFO - HRV data loaded from Input/charlie/hrv/hrv03.csv
2024-11-20 21:12:00,484 - __main__ - INFO - HRV data loaded from Input/charlie/hrv/hrv04.csv
2024-11-20 21:12:00,485 - __main__ - INFO - HRV data loaded from Input/charlie/hrv/hrv05.csv
2024-11-20 21:12:00,486 - __main__ - INFO - HRV data loaded from Input/charlie/hrv/hrv06.csv
2024-11-20 21:12:00,487 - __main__ - INFO - HRV data loaded from Input/charlie/hrv/hrv07.csv
2024-11-20 21:12:00,488 - __main__ - INFO - HRV data loaded from Input/charlie/hrv/hrv08.csv
2024-11-20 21:12:00,489 - __main__ - INFO - HRV data loaded from Input/charlie/hrv/hrv09.csv
2024-11-20 21:12:00,490 - __main__ - INFO - HRV data loaded from Input/charlie/hrv/hrv10.csv
2024-11-20 21:12:00,491 - __main__ - INFO - HRV data loaded from Input/charlie/hrv/hrv11.csv
2024-11-20 21:12:00,492 - __main__ - INFO - HRV data loaded from Input/charlie/hrv/hrv12.csv
2024-11-20 21:12:00,493 - __main__ - INFO - HRV data loaded from Input/charlie/hrv/hrv13.csv
2024-11-20 21:12:00,494 - __main__ - INFO - HRV data loaded from Input/charlie/hrv/hrv14.csv
2024-11-20 21:12:00,495 - __main__ - INFO - HRV data loaded from Input/charlie/hrv/hrv15.csv
2024-11-20 21:12:00,497 - __main__ - INFO - HRV data loaded from Input/charlie/hrv/hrv16.csv
2024-11-20 21:12:00,498 - __main__ - INFO - HRV data loaded from Input/charlie/hrv/hrv17.csv
2024-11-20 21:12:00,499 - __main__ - INFO - HRV data loaded from Input/charlie/hrv/hrv18.csv
2024-11-20 21:12:00,500 - __main__ - INFO - HRV data loaded from Input/charlie/hrv/hrv19.csv
2024-11-20 21:12:00,501 - __main__ - INFO - HRV data loaded from Input/charlie/hrv/hrv20.csv
2024-11-20 21:12:00,502 - __main__ - INFO - HRV data loaded from Input/charlie/hrv/hrv21.csv
2024-11-20 21:12:00,502 - __main__ - INFO - HRV data loaded from Input/charlie/hrv/hrv22.csv
2024-11-20 21:12:00,503 - __main__ - INFO - HRV data loaded from Input/charlie/hrv/hrv23.csv
2024-11-20 21:12:00,504 - __main__ - INFO - HRV data loaded from Input/charlie/hrv/hrv24.csv
2024-11-20 21:12:00,505 - __main__ - INFO - HRV data loaded from Input/charlie/hrv/hrv25.csv
2024-11-20 21:12:00,506 - __main__ - INFO - HRV data loaded from Input/charlie/hrv/hrv26.csv
2024-11-20 21:12:00,507 - __main__ - INFO - HRV data loaded from Input/charlie/hrv/hrv27.csv
2024-11-20 21:12:00,509 - __main__ - INFO - HRV data loaded from Input/charlie/hrv/hrv28.csv
2024-11-20 21:12:00,510 - __main__ - INFO - HRV data loaded from Input/charlie/hrv/hrv29.csv
2024-11-20 21:12:00,511 - __main__ - INFO - HRV data loaded from Input/charlie/hrv/hrv30.csv
2024-11-20 21:12:00,512 - __main__ - INFO - Step data is loaded.
2024-11-20 21:12:00,512 - __main__ - INFO - Person created.
2024-11-20 21:12:00,515 - __main__ - INFO - Age (36) extracted from Input/eddie/age.csv
2024-11-20 21:12:00,518 - __main__ - INFO - HRV data loaded from Input/eddie/hrv/hrv01.csv
2024-11-20 21:12:00,519 - __main__ - INFO - HRV data loaded from Input/eddie/hrv/hrv02.csv
2024-11-20 21:12:00,520 - __main__ - INFO - HRV data loaded from Input/eddie/hrv/hrv03.csv
2024-11-20 21:12:00,521 - __main__ - INFO - HRV data loaded from Input/eddie/hrv/hrv04.csv
2024-11-20 21:12:00,522 - __main__ - INFO - HRV data loaded from Input/eddie/hrv/hrv05.csv
2024-11-20 21:12:00,523 - __main__ - INFO - HRV data loaded from Input/eddie/hrv/hrv06.csv
2024-11-20 21:12:00,525 - __main__ - INFO - HRV data loaded from Input/eddie/hrv/hrv07.csv
2024-11-20 21:12:00,526 - __main__ - INFO - HRV data loaded from Input/eddie/hrv/hrv08.csv
2024-11-20 21:12:00,528 - __main__ - INFO - HRV data loaded from Input/eddie/hrv/hrv09.csv
2024-11-20 21:12:00,529 - __main__ - INFO - HRV data loaded from Input/eddie/hrv/hrv10.csv
2024-11-20 21:12:00,530 - __main__ - INFO - HRV data loaded from Input/eddie/hrv/hrv11.csv
2024-11-20 21:12:00,531 - __main__ - INFO - HRV data loaded from Input/eddie/hrv/hrv12.csv
2024-11-20 21:12:00,532 - __main__ - INFO - HRV data loaded from Input/eddie/hrv/hrv13.csv
2024-11-20 21:12:00,533 - __main__ - INFO - HRV data loaded from Input/eddie/hrv/hrv14.csv
2024-11-20 21:12:00,534 - __main__ - INFO - HRV data loaded from Input/eddie/hrv/hrv15.csv
2024-11-20 21:12:00,535 - __main__ - INFO - HRV data loaded from Input/eddie/hrv/hrv16.csv
2024-11-20 21:12:00,536 - __main__ - INFO - HRV data loaded from Input/eddie/hrv/hrv17.csv
2024-11-20 21:12:00,537 - __main__ - INFO - HRV data loaded from Input/eddie/hrv/hrv18.csv
2024-11-20 21:12:00,538 - __main__ - INFO - HRV data loaded from Input/eddie/hrv/hrv19.csv
2024-11-20 21:12:00,539 - __main__ - INFO - HRV data loaded from Input/eddie/hrv/hrv20.csv
2024-11-20 21:12:00,541 - __main__ - INFO - HRV data loaded from Input/eddie/hrv/hrv21.csv
2024-11-20 21:12:00,543 - __main__ - INFO - HRV data loaded from Input/eddie/hrv/hrv22.csv
2024-11-20 21:12:00,546 - __main__ - INFO - HRV data loaded from Input/eddie/hrv/hrv23.csv
2024-11-20 21:12:00,548 - __main__ - INFO - HRV data loaded from Input/eddie/hrv/hrv24.csv
2024-11-20 21:12:00,551 - __main__ - INFO - HRV data loaded from Input/eddie/hrv/hrv25.csv
2024-11-20 21:12:00,553 - __main__ - INFO - HRV data loaded from Input/eddie/hrv/hrv26.csv
2024-11-20 21:12:00,555 - __main__ - INFO - HRV data loaded from Input/eddie/hrv/hrv27.csv
2024-11-20 21:12:00,558 - __main__ - INFO - HRV data loaded from Input/eddie/hrv/hrv28.csv
2024-11-20 21:12:00,561 - __main__ - INFO - HRV data loaded from Input/eddie/hrv/hrv29.csv
2024-11-20 21:12:00,563 - __main__ - INFO - HRV data loaded from Input/eddie/hrv/hrv30.csv
2024-11-20 21:12:00,564 - __main__ - INFO - Step data is loaded.
