2024-11-29 13:58:39,471 - brian - INFO - Age (34) extracted from Input/brian/age.csv
2024-11-29 13:58:39,473 - brian - INFO - HRV data loaded from Input/brian/hrv/hrv01.csv
2024-11-29 13:58:39,474 - brian - INFO - HRV data loaded from Input/brian/hrv/hrv02.csv
2024-11-29 13:58:39,475 - brian - INFO - HRV data loaded from Input/brian/hrv/hrv03.csv
2024-11-29 13:58:39,476 - brian - INFO - HRV data loaded from Input/brian/hrv/hrv04.csv
2024-11-29 13:58:39,477 - brian - INFO - HRV data loaded from Input/brian/hrv/hrv05.csv
2024-11-29 13:58:39,478 - brian - INFO - HRV data loaded from Input/brian/hrv/hrv06.csv
2024-11-29 13:58:39,479 - brian - INFO - HRV data loaded from Input/brian/hrv/hrv07.csv
2024-11-29 13:58:39,480 - brian - INFO - HRV data loaded from Input/brian/hrv/hrv08.csv
2024-11-29 13:58:39,482 - brian - INFO - HRV data loaded from Input/brian/hrv/hrv09.csv
2024-11-29 13:58:39,483 - brian - INFO - HRV data loaded from Input/brian/hrv/hrv10.csv
2024-11-29 13:58:39,484 - brian - INFO - HRV data loaded from Input/brian/hrv/hrv11.csv
2024-11-29 13:58:39,485 - brian - INFO - HRV data loaded from Input/brian/hrv/hrv12.csv
2024-11-29 13:58:39,486 - brian - INFO - HRV data loaded from Input/brian/hrv/hrv13.csv
2024-11-29 13:58:39,487 - brian - INFO - HRV data loaded from Input/brian/hrv/hrv14.csv
2024-11-29 13:58:39,488 - brian - INFO - HRV data loaded from Input/brian/hrv/hrv15.csv
2024-11-29 13:58:39,489 - brian - INFO - HRV data loaded from Input/brian/hrv/hrv16.csv
2024-11-29 13:58:39,490 - brian - INFO - HRV data loaded from Input/brian/hrv/hrv17.csv
2024-11-29 13:58:39,491 - brian - INFO - HRV data loaded from Input/brian/hrv/hrv18.csv
2024-11-29 13:58:39,492 - brian - INFO - HRV data loaded from Input/brian/hrv/hrv19.csv
2024-11-29 13:58:39,493 - brian - INFO - HRV data loaded from Input/brian/hrv/hrv20.csv
2024-11-29 13:58:39,494 - brian - INFO - HRV data loaded from Input/brian/hrv/hrv21.csv
2024-11-29 13:58:39,495 - brian - INFO - HRV data loaded from Input/brian/hrv/hrv22.csv
2024-11-29 13:58:39,496 - brian - INFO - HRV data loaded from Input/brian/hrv/hrv23.csv
2024-11-29 13:58:39,497 - brian - INFO - HRV data loaded from Input/brian/hrv/hrv24.csv
2024-11-29 13:58:39,498 - brian - INFO - HRV data loaded from Input/brian/hrv/hrv25.csv
2024-11-29 13:58:39,499 - brian - INFO - HRV data loaded from Input/brian/hrv/hrv26.csv
2024-11-29 13:58:39,500 - brian - INFO - HRV data loaded from Input/brian/hrv/hrv27.csv
2024-11-29 13:58:39,501 - brian - INFO - HRV data loaded from Input/brian/hrv/hrv28.csv
2024-11-29 13:58:39,502 - brian - INFO - HRV data loaded from Input/brian/hrv/hrv29.csv
2024-11-29 13:58:39,502 - brian - INFO - HRV data loaded from Input/brian/hrv/hrv30.csv
2024-11-29 13:58:39,503 - brian - INFO - Step data is loaded.
2024-11-29 13:58:39,558 - brian - INFO - Violin plot for steps saved to Output/brian/
2024-11-29 13:58:39,609 - brian - INFO - Violin plot for hrv saved to Output/brian/
2024-11-29 13:58:39,613 - brian - INFO - Person 'brian' created.
