2024-11-29 13:58:39,754 - david - INFO - Age (46) extracted from Input/david/age.csv
2024-11-29 13:58:39,756 - david - INFO - HRV data loaded from Input/david/hrv/hrv01.csv
2024-11-29 13:58:39,757 - david - INFO - HRV data loaded from Input/david/hrv/hrv02.csv
2024-11-29 13:58:39,758 - david - INFO - HRV data loaded from Input/david/hrv/hrv03.csv
2024-11-29 13:58:39,759 - david - INFO - HRV data loaded from Input/david/hrv/hrv04.csv
2024-11-29 13:58:39,760 - david - INFO - HRV data loaded from Input/david/hrv/hrv05.csv
2024-11-29 13:58:39,761 - david - INFO - HRV data loaded from Input/david/hrv/hrv06.csv
2024-11-29 13:58:39,762 - david - INFO - HRV data loaded from Input/david/hrv/hrv07.csv
2024-11-29 13:58:39,763 - david - INFO - HRV data loaded from Input/david/hrv/hrv08.csv
2024-11-29 13:58:39,764 - david - INFO - HRV data loaded from Input/david/hrv/hrv09.csv
2024-11-29 13:58:39,765 - david - INFO - HRV data loaded from Input/david/hrv/hrv10.csv
2024-11-29 13:58:39,766 - david - INFO - HRV data loaded from Input/david/hrv/hrv11.csv
2024-11-29 13:58:39,767 - david - INFO - HRV data loaded from Input/david/hrv/hrv12.csv
2024-11-29 13:58:39,768 - david - INFO - HRV data loaded from Input/david/hrv/hrv13.csv
2024-11-29 13:58:39,769 - david - INFO - HRV data loaded from Input/david/hrv/hrv14.csv
2024-11-29 13:58:39,770 - david - INFO - HRV data loaded from Input/david/hrv/hrv15.csv
2024-11-29 13:58:39,771 - david - INFO - HRV data loaded from Input/david/hrv/hrv16.csv
2024-11-29 13:58:39,771 - david - INFO - HRV data loaded from Input/david/hrv/hrv17.csv
2024-11-29 13:58:39,772 - david - INFO - HRV data loaded from Input/david/hrv/hrv18.csv
2024-11-29 13:58:39,773 - david - INFO - HRV data loaded from Input/david/hrv/hrv19.csv
2024-11-29 13:58:39,774 - david - INFO - HRV data loaded from Input/david/hrv/hrv20.csv
2024-11-29 13:58:39,775 - david - INFO - HRV data loaded from Input/david/hrv/hrv21.csv
2024-11-29 13:58:39,776 - david - INFO - HRV data loaded from Input/david/hrv/hrv22.csv
2024-11-29 13:58:39,777 - david - INFO - HRV data loaded from Input/david/hrv/hrv23.csv
2024-11-29 13:58:39,778 - david - INFO - HRV data loaded from Input/david/hrv/hrv24.csv
2024-11-29 13:58:39,779 - david - INFO - HRV data loaded from Input/david/hrv/hrv25.csv
2024-11-29 13:58:39,781 - david - INFO - HRV data loaded from Input/david/hrv/hrv26.csv
2024-11-29 13:58:39,782 - david - INFO - HRV data loaded from Input/david/hrv/hrv27.csv
2024-11-29 13:58:39,783 - david - INFO - HRV data loaded from Input/david/hrv/hrv28.csv
2024-11-29 13:58:39,784 - david - INFO - HRV data loaded from Input/david/hrv/hrv29.csv
2024-11-29 13:58:39,785 - david - INFO - HRV data loaded from Input/david/hrv/hrv30.csv
2024-11-29 13:58:39,785 - david - INFO - Step data is loaded.
2024-11-29 13:58:39,846 - david - INFO - Violin plot for steps saved to Output/david/
2024-11-29 13:58:39,936 - david - INFO - Violin plot for hrv saved to Output/david/
2024-11-29 13:58:39,941 - david - INFO - Person 'david' created.
